<?xml version="1.0" encoding="UTF-8"?>
<!-- Generated by org.testng.reporters.JUnitReportReporter -->
<testsuite hostname="DESKTOP-EQ1TCP1" failures="0" tests="1" name="com.bridgelabz.CaptureScreenshot" time="28.028" errors="0" timestamp="2022-03-09T23:38:16 IST" skipped="0">
  <testcase classname="com.bridgelabz.CaptureScreenshot" name="screenShot" time="28.028"/>
  <system-out/>
</testsuite> <!-- com.bridgelabz.CaptureScreenshot -->
