<?xml version="1.0" encoding="UTF-8"?>
<!-- Generated by org.testng.reporters.JUnitReportReporter -->
<testsuite hostname="DESKTOP-EQ1TCP1" failures="0" tests="1" name="com.bridgelabz.Locators" time="41.713" errors="0" timestamp="2022-03-11T23:48:19 IST" skipped="0">
  <testcase classname="com.bridgelabz.Locators" name="xPathTest" time="41.713"/>
  <system-out/>
</testsuite> <!-- com.bridgelabz.Locators -->
