<?xml version="1.0" encoding="UTF-8"?>
<!-- Generated by org.testng.reporters.JUnitReportReporter -->
<testsuite hostname="DESKTOP-EQ1TCP1" failures="0" tests="1" name="com.bridgelabz.CaptureScreenshot" time="39.827" errors="0" timestamp="2022-03-09T13:56:03 IST" skipped="0">
  <testcase classname="com.bridgelabz.CaptureScreenshot" name="screenShot" time="39.827"/>
  <system-out/>
</testsuite> <!-- com.bridgelabz.CaptureScreenshot -->
