<?xml version="1.0" encoding="UTF-8"?>
<!-- Generated by org.testng.reporters.JUnitReportReporter -->
<testsuite hostname="DESKTOP-EQ1TCP1" failures="0" tests="1" name="com.bridgelabz.BrowserNavigation" time="116.622" errors="0" timestamp="2022-03-10T12:10:27 IST" skipped="0">
  <testcase classname="com.bridgelabz.BrowserNavigation" name="navigationTest" time="116.622"/>
  <system-out/>
</testsuite> <!-- com.bridgelabz.BrowserNavigation -->
