<?xml version="1.0" encoding="UTF-8"?>
<!-- Generated by org.testng.reporters.JUnitReportReporter -->
<testsuite hostname="DESKTOP-EQ1TCP1" failures="0" tests="1" name="com.bridgelabz.KeyboardOperations" time="36.735" errors="0" timestamp="2022-03-11T19:51:14 IST" skipped="0">
  <testcase classname="com.bridgelabz.KeyboardOperations" name="test" time="36.735"/>
  <system-out/>
</testsuite> <!-- com.bridgelabz.KeyboardOperations -->
