<?xml version="1.0" encoding="UTF-8"?>
<!-- Generated by org.testng.reporters.JUnitReportReporter -->
<testsuite hostname="DESKTOP-EQ1TCP1" failures="0" tests="1" name="com.bridgelabz.FacebookTest" time="34.728" errors="0" timestamp="2022-03-11T00:04:09 IST" skipped="0">
  <testcase classname="com.bridgelabz.FacebookTest" name="test" time="34.728"/>
  <system-out/>
</testsuite> <!-- com.bridgelabz.FacebookTest -->
