<?xml version="1.0" encoding="UTF-8"?>
<!-- Generated by org.testng.reporters.JUnitReportReporter -->
<testsuite hostname="DESKTOP-EQ1TCP1" failures="0" tests="1" name="com.bridgelabz.FacebookTest" time="90.924" errors="0" timestamp="2022-03-09T10:19:44 IST" skipped="0">
  <testcase classname="com.bridgelabz.FacebookTest" name="test" time="90.924"/>
  <system-out/>
</testsuite> <!-- com.bridgelabz.FacebookTest -->
